{"/Users/mac/Documents/sites/tech-test/src/App.tsx": {"path":"/Users/mac/Documents/sites/tech-test/src/App.tsx","statementMap":{"0":{"start":{"line":1,"column":0},"end":{"line":1,"column":46}},"1":{"start":{"line":2,"column":0},"end":{"line":2,"column":49}},"2":{"start":{"line":3,"column":0},"end":{"line":3,"column":38}},"3":{"start":{"line":5,"column":12},"end":{"line":34,"column":1}},"4":{"start":{"line":7,"column":67},"end":{"line":12,"column":4}},"5":{"start":{"line":7,"column":16},"end":{"line":7,"column":18}},"6":{"start":{"line":7,"column":40},"end":{"line":7,"column":42}},"7":{"start":{"line":7,"column":62},"end":{"line":7,"column":67}},"8":{"start":{"line":14,"column":28},"end":{"line":15,"column":5}},"9":{"start":{"line":15,"column":4},"end":{"line":25,"column":6}},"10":{"start":{"line":27,"column":2},"end":{"line":33,"column":4}},"11":{"start":{"line":35,"column":0},"end":{"line":35,"column":19}}},"fnMap":{"0":{"name":"(anonymous_3)","decl":{"start":{"line":5,"column":12},"end":{"line":5,"column":null}},"loc":{"start":{"line":5,"column":12},"end":{"line":34,"column":1}}},"1":{"name":"(anonymous_4)","decl":{"start":{"line":14,"column":28},"end":{"line":14,"column":null}},"loc":{"start":{"line":14,"column":28},"end":{"line":15,"column":5}}}},"branchMap":{"0":{"loc":{"start":{"line":15,"column":4},"end":{"line":24,"column":null}},"type":"cond-expr","locations":[{"start":{"line":16,"column":6},"end":{"line":16,"column":58}},{"start":{"line":17,"column":8},"end":{"line":24,"column":null}}]},"1":{"loc":{"start":{"line":17,"column":8},"end":{"line":24,"column":null}},"type":"cond-expr","locations":[{"start":{"line":18,"column":6},"end":{"line":18,"column":43}},{"start":{"line":19,"column":8},"end":{"line":24,"column":null}}]},"2":{"loc":{"start":{"line":19,"column":8},"end":{"line":24,"column":null}},"type":"cond-expr","locations":[{"start":{"line":20,"column":6},"end":{"line":21,"column":null}},{"start":{"line":24,"column":6},"end":{"line":24,"column":51}}]}},"s":{"0":1,"1":1,"2":1,"3":1,"4":2,"5":1,"6":1,"7":1,"8":1,"9":1,"10":1,"11":1},"f":{"0":2,"1":1},"b":{"0":[1,0],"1":[0,0],"2":[0,0]}}
,"/Users/mac/Documents/sites/tech-test/src/index.tsx": {"path":"/Users/mac/Documents/sites/tech-test/src/index.tsx","statementMap":{"0":{"start":{"line":1,"column":0},"end":{"line":1,"column":26}},"1":{"start":{"line":2,"column":0},"end":{"line":2,"column":40}},"2":{"start":{"line":3,"column":0},"end":{"line":3,"column":21}},"3":{"start":{"line":4,"column":0},"end":{"line":4,"column":24}},"4":{"start":{"line":5,"column":0},"end":{"line":5,"column":48}},"5":{"start":{"line":6,"column":0},"end":{"line":6,"column":49}},"6":{"start":{"line":7,"column":0},"end":{"line":7,"column":39}},"7":{"start":{"line":9,"column":0},"end":{"line":9,"column":41}},"8":{"start":{"line":11,"column":14},"end":{"line":11,"column":30}},"9":{"start":{"line":13,"column":13},"end":{"line":13,"column":80}},"10":{"start":{"line":14,"column":0},"end":{"line":22,"column":2}},"11":{"start":{"line":27,"column":0},"end":{"line":27,"column":18}}},"fnMap":{},"branchMap":{},"s":{"0":0,"1":0,"2":0,"3":0,"4":0,"5":0,"6":0,"7":0,"8":0,"9":0,"10":0,"11":0},"f":{},"b":{}}
,"/Users/mac/Documents/sites/tech-test/src/actions/cartActions.tsx": {"path":"/Users/mac/Documents/sites/tech-test/src/actions/cartActions.tsx","statementMap":{"0":{"start":{"line":3,"column":0},"end":{"line":3,"column":null}},"1":{"start":{"line":14,"column":0},"end":{"line":14,"column":50}},"2":{"start":{"line":17,"column":23},"end":{"line":17,"column":30}},"3":{"start":{"line":17,"column":29},"end":{"line":19,"column":3}},"4":{"start":{"line":21,"column":25},"end":{"line":21,"column":46}},"5":{"start":{"line":21,"column":45},"end":{"line":24,"column":3}},"6":{"start":{"line":26,"column":22},"end":{"line":26,"column":42}},"7":{"start":{"line":26,"column":41},"end":{"line":30,"column":3}},"8":{"start":{"line":33,"column":2},"end":{"line":34,"column":null}},"9":{"start":{"line":34,"column":2},"end":{"line":46,"column":4}},"10":{"start":{"line":35,"column":92},"end":{"line":46,"column":4}},"11":{"start":{"line":37,"column":4},"end":{"line":37,"column":31}},"12":{"start":{"line":38,"column":4},"end":{"line":45,"column":9}},"13":{"start":{"line":40,"column":8},"end":{"line":40,"column":47}},"14":{"start":{"line":41,"column":8},"end":{"line":41,"column":40}},"15":{"start":{"line":44,"column":8},"end":{"line":44,"column":50}},"16":{"start":{"line":32,"column":13},"end":{"line":32,"column":null}},"17":{"start":{"line":49,"column":26},"end":{"line":49,"column":33}},"18":{"start":{"line":49,"column":32},"end":{"line":51,"column":3}},"19":{"start":{"line":53,"column":28},"end":{"line":53,"column":49}},"20":{"start":{"line":53,"column":48},"end":{"line":56,"column":3}},"21":{"start":{"line":58,"column":25},"end":{"line":58,"column":45}},"22":{"start":{"line":58,"column":44},"end":{"line":62,"column":3}},"23":{"start":{"line":65,"column":2},"end":{"line":66,"column":9}},"24":{"start":{"line":66,"column":2},"end":{"line":75,"column":4}},"25":{"start":{"line":66,"column":22},"end":{"line":75,"column":4}},"26":{"start":{"line":67,"column":4},"end":{"line":67,"column":34}},"27":{"start":{"line":68,"column":4},"end":{"line":74,"column":9}},"28":{"start":{"line":70,"column":8},"end":{"line":70,"column":43}},"29":{"start":{"line":73,"column":8},"end":{"line":73,"column":53}},"30":{"start":{"line":64,"column":13},"end":{"line":64,"column":null}},"31":{"start":{"line":78,"column":24},"end":{"line":78,"column":31}},"32":{"start":{"line":78,"column":30},"end":{"line":80,"column":3}},"33":{"start":{"line":82,"column":26},"end":{"line":82,"column":45}},"34":{"start":{"line":82,"column":44},"end":{"line":85,"column":3}},"35":{"start":{"line":87,"column":23},"end":{"line":87,"column":43}},"36":{"start":{"line":87,"column":42},"end":{"line":91,"column":3}},"37":{"start":{"line":94,"column":2},"end":{"line":95,"column":9}},"38":{"start":{"line":95,"column":2},"end":{"line":106,"column":4}},"39":{"start":{"line":95,"column":22},"end":{"line":106,"column":4}},"40":{"start":{"line":96,"column":4},"end":{"line":96,"column":32}},"41":{"start":{"line":97,"column":4},"end":{"line":105,"column":9}},"42":{"start":{"line":99,"column":8},"end":{"line":99,"column":32}},"43":{"start":{"line":101,"column":8},"end":{"line":101,"column":41}},"44":{"start":{"line":104,"column":8},"end":{"line":104,"column":51}},"45":{"start":{"line":93,"column":13},"end":{"line":93,"column":null}}},"fnMap":{"0":{"name":"(anonymous_19)","decl":{"start":{"line":17,"column":23},"end":{"line":17,"column":29}},"loc":{"start":{"line":17,"column":23},"end":{"line":17,"column":30}}},"1":{"name":"(anonymous_20)","decl":{"start":{"line":21,"column":25},"end":{"line":21,"column":26}},"loc":{"start":{"line":21,"column":40},"end":{"line":21,"column":46}}},"2":{"name":"(anonymous_21)","decl":{"start":{"line":26,"column":22},"end":{"line":26,"column":23}},"loc":{"start":{"line":26,"column":36},"end":{"line":26,"column":42}}},"3":{"name":"(anonymous_22)","decl":{"start":{"line":33,"column":2},"end":{"line":33,"column":3}},"loc":{"start":{"line":33,"column":20},"end":{"line":34,"column":null}}},"4":{"name":"(anonymous_23)","decl":{"start":{"line":34,"column":2},"end":{"line":34,"column":null}},"loc":{"start":{"line":35,"column":92},"end":{"line":46,"column":4}}},"5":{"name":"(anonymous_24)","decl":{"start":{"line":35,"column":92},"end":{"line":35,"column":null}},"loc":{"start":{"line":35,"column":92},"end":{"line":46,"column":4}}},"6":{"name":"(anonymous_26)","decl":{"start":{"line":39,"column":12},"end":{"line":39,"column":13}},"loc":{"start":{"line":39,"column":16},"end":{"line":42,"column":7}}},"7":{"name":"(anonymous_27)","decl":{"start":{"line":43,"column":13},"end":{"line":43,"column":null}},"loc":{"start":{"line":43,"column":13},"end":{"line":45,"column":7}}},"8":{"name":"(anonymous_28)","decl":{"start":{"line":49,"column":26},"end":{"line":49,"column":32}},"loc":{"start":{"line":49,"column":26},"end":{"line":49,"column":33}}},"9":{"name":"(anonymous_29)","decl":{"start":{"line":53,"column":28},"end":{"line":53,"column":29}},"loc":{"start":{"line":53,"column":43},"end":{"line":53,"column":49}}},"10":{"name":"(anonymous_30)","decl":{"start":{"line":58,"column":25},"end":{"line":58,"column":26}},"loc":{"start":{"line":58,"column":39},"end":{"line":58,"column":45}}},"11":{"name":"(anonymous_31)","decl":{"start":{"line":65,"column":2},"end":{"line":65,"column":3}},"loc":{"start":{"line":65,"column":45},"end":{"line":66,"column":9}}},"12":{"name":"(anonymous_32)","decl":{"start":{"line":66,"column":2},"end":{"line":66,"column":9}},"loc":{"start":{"line":66,"column":22},"end":{"line":75,"column":4}}},"13":{"name":"(anonymous_33)","decl":{"start":{"line":66,"column":22},"end":{"line":66,"column":null}},"loc":{"start":{"line":66,"column":22},"end":{"line":75,"column":4}}},"14":{"name":"(anonymous_35)","decl":{"start":{"line":69,"column":12},"end":{"line":69,"column":13}},"loc":{"start":{"line":69,"column":16},"end":{"line":71,"column":7}}},"15":{"name":"(anonymous_36)","decl":{"start":{"line":72,"column":13},"end":{"line":72,"column":null}},"loc":{"start":{"line":72,"column":13},"end":{"line":74,"column":7}}},"16":{"name":"(anonymous_37)","decl":{"start":{"line":78,"column":24},"end":{"line":78,"column":30}},"loc":{"start":{"line":78,"column":24},"end":{"line":78,"column":31}}},"17":{"name":"(anonymous_38)","decl":{"start":{"line":82,"column":26},"end":{"line":82,"column":27}},"loc":{"start":{"line":82,"column":39},"end":{"line":82,"column":45}}},"18":{"name":"(anonymous_39)","decl":{"start":{"line":87,"column":23},"end":{"line":87,"column":24}},"loc":{"start":{"line":87,"column":37},"end":{"line":87,"column":43}}},"19":{"name":"(anonymous_40)","decl":{"start":{"line":94,"column":2},"end":{"line":94,"column":3}},"loc":{"start":{"line":94,"column":26},"end":{"line":95,"column":9}}},"20":{"name":"(anonymous_41)","decl":{"start":{"line":95,"column":2},"end":{"line":95,"column":9}},"loc":{"start":{"line":95,"column":22},"end":{"line":106,"column":4}}},"21":{"name":"(anonymous_42)","decl":{"start":{"line":95,"column":22},"end":{"line":95,"column":null}},"loc":{"start":{"line":95,"column":22},"end":{"line":106,"column":4}}},"22":{"name":"(anonymous_44)","decl":{"start":{"line":98,"column":12},"end":{"line":98,"column":13}},"loc":{"start":{"line":98,"column":16},"end":{"line":102,"column":7}}},"23":{"name":"(anonymous_45)","decl":{"start":{"line":103,"column":13},"end":{"line":103,"column":null}},"loc":{"start":{"line":103,"column":13},"end":{"line":105,"column":7}}}},"branchMap":{},"s":{"0":5,"1":5,"2":5,"3":1,"4":5,"5":0,"6":5,"7":1,"8":5,"9":1,"10":1,"11":1,"12":2,"13":0,"14":0,"15":1,"16":5,"17":5,"18":1,"19":5,"20":0,"21":5,"22":1,"23":5,"24":1,"25":1,"26":1,"27":2,"28":0,"29":1,"30":5,"31":5,"32":0,"33":5,"34":0,"35":5,"36":0,"37":5,"38":0,"39":0,"40":0,"41":0,"42":0,"43":0,"44":0,"45":5},"f":{"0":1,"1":0,"2":1,"3":1,"4":1,"5":1,"6":0,"7":1,"8":1,"9":0,"10":1,"11":1,"12":1,"13":1,"14":0,"15":1,"16":0,"17":0,"18":0,"19":0,"20":0,"21":0,"22":0,"23":0},"b":{}}
,"/Users/mac/Documents/sites/tech-test/src/actions/productActions.tsx": {"path":"/Users/mac/Documents/sites/tech-test/src/actions/productActions.tsx","statementMap":{"0":{"start":{"line":2,"column":0},"end":{"line":2,"column":null}},"1":{"start":{"line":19,"column":0},"end":{"line":19,"column":50}},"2":{"start":{"line":22,"column":27},"end":{"line":22,"column":34}},"3":{"start":{"line":22,"column":33},"end":{"line":24,"column":3}},"4":{"start":{"line":26,"column":29},"end":{"line":26,"column":48}},"5":{"start":{"line":26,"column":47},"end":{"line":29,"column":3}},"6":{"start":{"line":31,"column":26},"end":{"line":31,"column":46}},"7":{"start":{"line":31,"column":45},"end":{"line":35,"column":3}},"8":{"start":{"line":37,"column":27},"end":{"line":37,"column":45}},"9":{"start":{"line":37,"column":38},"end":{"line":46,"column":2}},"10":{"start":{"line":37,"column":58},"end":{"line":46,"column":2}},"11":{"start":{"line":38,"column":2},"end":{"line":38,"column":33}},"12":{"start":{"line":39,"column":2},"end":{"line":45,"column":7}},"13":{"start":{"line":41,"column":6},"end":{"line":41,"column":42}},"14":{"start":{"line":44,"column":6},"end":{"line":44,"column":52}},"15":{"start":{"line":37,"column":13},"end":{"line":37,"column":27}},"16":{"start":{"line":49,"column":35},"end":{"line":49,"column":42}},"17":{"start":{"line":49,"column":41},"end":{"line":51,"column":3}},"18":{"start":{"line":53,"column":37},"end":{"line":53,"column":56}},"19":{"start":{"line":53,"column":55},"end":{"line":56,"column":3}},"20":{"start":{"line":58,"column":34},"end":{"line":58,"column":54}},"21":{"start":{"line":58,"column":53},"end":{"line":62,"column":3}},"22":{"start":{"line":65,"column":2},"end":{"line":66,"column":9}},"23":{"start":{"line":66,"column":2},"end":{"line":75,"column":4}},"24":{"start":{"line":66,"column":22},"end":{"line":75,"column":4}},"25":{"start":{"line":67,"column":4},"end":{"line":67,"column":43}},"26":{"start":{"line":68,"column":4},"end":{"line":74,"column":9}},"27":{"start":{"line":70,"column":8},"end":{"line":70,"column":52}},"28":{"start":{"line":73,"column":8},"end":{"line":73,"column":62}},"29":{"start":{"line":64,"column":13},"end":{"line":64,"column":null}},"30":{"start":{"line":78,"column":29},"end":{"line":78,"column":36}},"31":{"start":{"line":78,"column":35},"end":{"line":80,"column":3}},"32":{"start":{"line":82,"column":31},"end":{"line":82,"column":50}},"33":{"start":{"line":82,"column":49},"end":{"line":85,"column":3}},"34":{"start":{"line":87,"column":28},"end":{"line":87,"column":48}},"35":{"start":{"line":87,"column":47},"end":{"line":91,"column":3}},"36":{"start":{"line":93,"column":29},"end":{"line":93,"column":47}},"37":{"start":{"line":93,"column":40},"end":{"line":102,"column":2}},"38":{"start":{"line":93,"column":60},"end":{"line":102,"column":2}},"39":{"start":{"line":94,"column":2},"end":{"line":94,"column":35}},"40":{"start":{"line":95,"column":2},"end":{"line":101,"column":7}},"41":{"start":{"line":97,"column":6},"end":{"line":97,"column":44}},"42":{"start":{"line":100,"column":6},"end":{"line":100,"column":54}},"43":{"start":{"line":93,"column":13},"end":{"line":93,"column":29}},"44":{"start":{"line":105,"column":25},"end":{"line":105,"column":32}},"45":{"start":{"line":105,"column":31},"end":{"line":107,"column":3}},"46":{"start":{"line":109,"column":27},"end":{"line":109,"column":43}},"47":{"start":{"line":109,"column":42},"end":{"line":112,"column":3}},"48":{"start":{"line":114,"column":24},"end":{"line":114,"column":44}},"49":{"start":{"line":114,"column":43},"end":{"line":118,"column":3}},"50":{"start":{"line":121,"column":2},"end":{"line":122,"column":9}},"51":{"start":{"line":122,"column":2},"end":{"line":131,"column":4}},"52":{"start":{"line":122,"column":22},"end":{"line":131,"column":4}},"53":{"start":{"line":123,"column":4},"end":{"line":123,"column":33}},"54":{"start":{"line":124,"column":4},"end":{"line":130,"column":9}},"55":{"start":{"line":126,"column":8},"end":{"line":126,"column":42}},"56":{"start":{"line":129,"column":8},"end":{"line":129,"column":52}},"57":{"start":{"line":120,"column":13},"end":{"line":120,"column":null}},"58":{"start":{"line":134,"column":30},"end":{"line":134,"column":37}},"59":{"start":{"line":134,"column":36},"end":{"line":136,"column":3}},"60":{"start":{"line":138,"column":32},"end":{"line":138,"column":48}},"61":{"start":{"line":138,"column":47},"end":{"line":141,"column":3}},"62":{"start":{"line":143,"column":29},"end":{"line":143,"column":49}},"63":{"start":{"line":143,"column":48},"end":{"line":147,"column":3}},"64":{"start":{"line":150,"column":2},"end":{"line":151,"column":9}},"65":{"start":{"line":151,"column":2},"end":{"line":160,"column":4}},"66":{"start":{"line":151,"column":22},"end":{"line":160,"column":4}},"67":{"start":{"line":152,"column":4},"end":{"line":152,"column":38}},"68":{"start":{"line":153,"column":4},"end":{"line":159,"column":9}},"69":{"start":{"line":155,"column":8},"end":{"line":155,"column":47}},"70":{"start":{"line":158,"column":8},"end":{"line":158,"column":57}},"71":{"start":{"line":149,"column":15},"end":{"line":149,"column":null}}},"fnMap":{"0":{"name":"(anonymous_19)","decl":{"start":{"line":22,"column":27},"end":{"line":22,"column":33}},"loc":{"start":{"line":22,"column":27},"end":{"line":22,"column":34}}},"1":{"name":"(anonymous_20)","decl":{"start":{"line":26,"column":29},"end":{"line":26,"column":30}},"loc":{"start":{"line":26,"column":42},"end":{"line":26,"column":48}}},"2":{"name":"(anonymous_21)","decl":{"start":{"line":31,"column":26},"end":{"line":31,"column":27}},"loc":{"start":{"line":31,"column":40},"end":{"line":31,"column":46}}},"3":{"name":"(anonymous_22)","decl":{"start":{"line":37,"column":27},"end":{"line":37,"column":38}},"loc":{"start":{"line":37,"column":27},"end":{"line":37,"column":45}}},"4":{"name":"(anonymous_23)","decl":{"start":{"line":37,"column":38},"end":{"line":37,"column":45}},"loc":{"start":{"line":37,"column":58},"end":{"line":46,"column":2}}},"5":{"name":"(anonymous_24)","decl":{"start":{"line":37,"column":58},"end":{"line":37,"column":null}},"loc":{"start":{"line":37,"column":58},"end":{"line":46,"column":2}}},"6":{"name":"(anonymous_26)","decl":{"start":{"line":40,"column":10},"end":{"line":40,"column":11}},"loc":{"start":{"line":40,"column":14},"end":{"line":42,"column":5}}},"7":{"name":"(anonymous_27)","decl":{"start":{"line":43,"column":11},"end":{"line":43,"column":null}},"loc":{"start":{"line":43,"column":11},"end":{"line":45,"column":5}}},"8":{"name":"(anonymous_28)","decl":{"start":{"line":49,"column":35},"end":{"line":49,"column":41}},"loc":{"start":{"line":49,"column":35},"end":{"line":49,"column":42}}},"9":{"name":"(anonymous_29)","decl":{"start":{"line":53,"column":37},"end":{"line":53,"column":38}},"loc":{"start":{"line":53,"column":50},"end":{"line":53,"column":56}}},"10":{"name":"(anonymous_30)","decl":{"start":{"line":58,"column":34},"end":{"line":58,"column":35}},"loc":{"start":{"line":58,"column":48},"end":{"line":58,"column":54}}},"11":{"name":"(anonymous_31)","decl":{"start":{"line":65,"column":2},"end":{"line":65,"column":3}},"loc":{"start":{"line":65,"column":18},"end":{"line":66,"column":9}}},"12":{"name":"(anonymous_32)","decl":{"start":{"line":66,"column":2},"end":{"line":66,"column":9}},"loc":{"start":{"line":66,"column":22},"end":{"line":75,"column":4}}},"13":{"name":"(anonymous_33)","decl":{"start":{"line":66,"column":22},"end":{"line":66,"column":null}},"loc":{"start":{"line":66,"column":22},"end":{"line":75,"column":4}}},"14":{"name":"(anonymous_35)","decl":{"start":{"line":69,"column":12},"end":{"line":69,"column":13}},"loc":{"start":{"line":69,"column":16},"end":{"line":71,"column":7}}},"15":{"name":"(anonymous_36)","decl":{"start":{"line":72,"column":13},"end":{"line":72,"column":null}},"loc":{"start":{"line":72,"column":13},"end":{"line":74,"column":7}}},"16":{"name":"(anonymous_37)","decl":{"start":{"line":78,"column":29},"end":{"line":78,"column":35}},"loc":{"start":{"line":78,"column":29},"end":{"line":78,"column":36}}},"17":{"name":"(anonymous_38)","decl":{"start":{"line":82,"column":31},"end":{"line":82,"column":32}},"loc":{"start":{"line":82,"column":44},"end":{"line":82,"column":50}}},"18":{"name":"(anonymous_39)","decl":{"start":{"line":87,"column":28},"end":{"line":87,"column":29}},"loc":{"start":{"line":87,"column":42},"end":{"line":87,"column":48}}},"19":{"name":"(anonymous_40)","decl":{"start":{"line":93,"column":29},"end":{"line":93,"column":40}},"loc":{"start":{"line":93,"column":29},"end":{"line":93,"column":47}}},"20":{"name":"(anonymous_41)","decl":{"start":{"line":93,"column":40},"end":{"line":93,"column":47}},"loc":{"start":{"line":93,"column":60},"end":{"line":102,"column":2}}},"21":{"name":"(anonymous_42)","decl":{"start":{"line":93,"column":60},"end":{"line":93,"column":null}},"loc":{"start":{"line":93,"column":60},"end":{"line":102,"column":2}}},"22":{"name":"(anonymous_44)","decl":{"start":{"line":96,"column":10},"end":{"line":96,"column":11}},"loc":{"start":{"line":96,"column":14},"end":{"line":98,"column":5}}},"23":{"name":"(anonymous_45)","decl":{"start":{"line":99,"column":11},"end":{"line":99,"column":null}},"loc":{"start":{"line":99,"column":11},"end":{"line":101,"column":5}}},"24":{"name":"(anonymous_46)","decl":{"start":{"line":105,"column":25},"end":{"line":105,"column":31}},"loc":{"start":{"line":105,"column":25},"end":{"line":105,"column":32}}},"25":{"name":"(anonymous_47)","decl":{"start":{"line":109,"column":27},"end":{"line":109,"column":28}},"loc":{"start":{"line":109,"column":37},"end":{"line":109,"column":43}}},"26":{"name":"(anonymous_48)","decl":{"start":{"line":114,"column":24},"end":{"line":114,"column":25}},"loc":{"start":{"line":114,"column":38},"end":{"line":114,"column":44}}},"27":{"name":"(anonymous_49)","decl":{"start":{"line":121,"column":2},"end":{"line":121,"column":3}},"loc":{"start":{"line":121,"column":25},"end":{"line":122,"column":9}}},"28":{"name":"(anonymous_50)","decl":{"start":{"line":122,"column":2},"end":{"line":122,"column":9}},"loc":{"start":{"line":122,"column":22},"end":{"line":131,"column":4}}},"29":{"name":"(anonymous_51)","decl":{"start":{"line":122,"column":22},"end":{"line":122,"column":null}},"loc":{"start":{"line":122,"column":22},"end":{"line":131,"column":4}}},"30":{"name":"(anonymous_53)","decl":{"start":{"line":125,"column":12},"end":{"line":125,"column":13}},"loc":{"start":{"line":125,"column":16},"end":{"line":127,"column":7}}},"31":{"name":"(anonymous_54)","decl":{"start":{"line":128,"column":13},"end":{"line":128,"column":null}},"loc":{"start":{"line":128,"column":13},"end":{"line":130,"column":7}}},"32":{"name":"(anonymous_55)","decl":{"start":{"line":134,"column":30},"end":{"line":134,"column":36}},"loc":{"start":{"line":134,"column":30},"end":{"line":134,"column":37}}},"33":{"name":"(anonymous_56)","decl":{"start":{"line":138,"column":32},"end":{"line":138,"column":33}},"loc":{"start":{"line":138,"column":42},"end":{"line":138,"column":48}}},"34":{"name":"(anonymous_57)","decl":{"start":{"line":143,"column":29},"end":{"line":143,"column":30}},"loc":{"start":{"line":143,"column":43},"end":{"line":143,"column":49}}},"35":{"name":"(anonymous_58)","decl":{"start":{"line":150,"column":2},"end":{"line":150,"column":3}},"loc":{"start":{"line":150,"column":15},"end":{"line":151,"column":9}}},"36":{"name":"(anonymous_59)","decl":{"start":{"line":151,"column":2},"end":{"line":151,"column":9}},"loc":{"start":{"line":151,"column":22},"end":{"line":160,"column":4}}},"37":{"name":"(anonymous_60)","decl":{"start":{"line":151,"column":22},"end":{"line":151,"column":null}},"loc":{"start":{"line":151,"column":22},"end":{"line":160,"column":4}}},"38":{"name":"(anonymous_62)","decl":{"start":{"line":154,"column":12},"end":{"line":154,"column":13}},"loc":{"start":{"line":154,"column":16},"end":{"line":156,"column":7}}},"39":{"name":"(anonymous_63)","decl":{"start":{"line":157,"column":13},"end":{"line":157,"column":null}},"loc":{"start":{"line":157,"column":13},"end":{"line":159,"column":7}}}},"branchMap":{},"s":{"0":5,"1":5,"2":5,"3":1,"4":5,"5":0,"6":5,"7":1,"8":5,"9":1,"10":1,"11":1,"12":2,"13":0,"14":1,"15":5,"16":5,"17":0,"18":5,"19":0,"20":5,"21":0,"22":5,"23":0,"24":0,"25":0,"26":0,"27":0,"28":0,"29":5,"30":5,"31":1,"32":5,"33":0,"34":5,"35":1,"36":5,"37":1,"38":1,"39":1,"40":2,"41":0,"42":1,"43":5,"44":5,"45":5,"46":5,"47":0,"48":5,"49":5,"50":5,"51":5,"52":5,"53":5,"54":10,"55":0,"56":5,"57":5,"58":5,"59":1,"60":5,"61":0,"62":5,"63":1,"64":5,"65":1,"66":1,"67":1,"68":2,"69":0,"70":1,"71":5},"f":{"0":1,"1":0,"2":1,"3":1,"4":1,"5":1,"6":0,"7":1,"8":0,"9":0,"10":0,"11":0,"12":0,"13":0,"14":0,"15":0,"16":1,"17":0,"18":1,"19":1,"20":1,"21":1,"22":0,"23":1,"24":5,"25":0,"26":5,"27":5,"28":5,"29":5,"30":0,"31":5,"32":1,"33":0,"34":1,"35":1,"36":1,"37":1,"38":0,"39":1},"b":{}}
,"/Users/mac/Documents/sites/tech-test/src/components/Footer/index.tsx": {"path":"/Users/mac/Documents/sites/tech-test/src/components/Footer/index.tsx","statementMap":{"0":{"start":{"line":1,"column":0},"end":{"line":1,"column":49}},"1":{"start":{"line":2,"column":0},"end":{"line":2,"column":47}},"2":{"start":{"line":3,"column":0},"end":{"line":3,"column":59}},"3":{"start":{"line":4,"column":0},"end":{"line":4,"column":61}},"4":{"start":{"line":5,"column":0},"end":{"line":5,"column":49}},"5":{"start":{"line":6,"column":0},"end":{"line":6,"column":30}},"6":{"start":{"line":8,"column":15},"end":{"line":68,"column":1}},"7":{"start":{"line":9,"column":2},"end":{"line":67,"column":4}},"8":{"start":{"line":69,"column":0},"end":{"line":69,"column":22}}},"fnMap":{"0":{"name":"(anonymous_3)","decl":{"start":{"line":8,"column":15},"end":{"line":8,"column":null}},"loc":{"start":{"line":8,"column":15},"end":{"line":68,"column":1}}}},"branchMap":{},"s":{"0":2,"1":2,"2":2,"3":2,"4":2,"5":2,"6":2,"7":2,"8":2},"f":{"0":2},"b":{}}
,"/Users/mac/Documents/sites/tech-test/src/components/Header/index.tsx": {"path":"/Users/mac/Documents/sites/tech-test/src/components/Header/index.tsx","statementMap":{"0":{"start":{"line":1,"column":0},"end":{"line":1,"column":77}},"1":{"start":{"line":2,"column":0},"end":{"line":2,"column":47}},"2":{"start":{"line":3,"column":0},"end":{"line":3,"column":49}},"3":{"start":{"line":4,"column":0},"end":{"line":4,"column":30}},"4":{"start":{"line":5,"column":0},"end":{"line":5,"column":67}},"5":{"start":{"line":6,"column":0},"end":{"line":6,"column":63}},"6":{"start":{"line":7,"column":0},"end":{"line":7,"column":63}},"7":{"start":{"line":8,"column":0},"end":{"line":8,"column":40}},"8":{"start":{"line":10,"column":18},"end":{"line":10,"column":42}},"9":{"start":{"line":13,"column":15},"end":{"line":73,"column":1}},"10":{"start":{"line":14,"column":29},"end":{"line":14,"column":35}},"11":{"start":{"line":16,"column":2},"end":{"line":72,"column":4}},"12":{"start":{"line":32,"column":40},"end":{"line":36,"column":14}},"13":{"start":{"line":74,"column":0},"end":{"line":74,"column":22}}},"fnMap":{"0":{"name":"(anonymous_3)","decl":{"start":{"line":13,"column":15},"end":{"line":13,"column":16}},"loc":{"start":{"line":13,"column":26},"end":{"line":73,"column":1}}},"1":{"name":"(anonymous_4)","decl":{"start":{"line":32,"column":27},"end":{"line":32,"column":28}},"loc":{"start":{"line":32,"column":35},"end":{"line":32,"column":null}}}},"branchMap":{},"s":{"0":2,"1":2,"2":2,"3":2,"4":2,"5":2,"6":2,"7":2,"8":2,"9":2,"10":4,"11":2,"12":8,"13":2},"f":{"0":4,"1":8},"b":{}}
,"/Users/mac/Documents/sites/tech-test/src/containers/Cart/index.tsx": {"path":"/Users/mac/Documents/sites/tech-test/src/containers/Cart/index.tsx","statementMap":{"0":{"start":{"line":1,"column":0},"end":{"line":1,"column":null}},"1":{"start":{"line":13,"column":0},"end":{"line":13,"column":28}},"2":{"start":{"line":14,"column":0},"end":{"line":14,"column":61}},"3":{"start":{"line":15,"column":0},"end":{"line":15,"column":51}},"4":{"start":{"line":16,"column":0},"end":{"line":16,"column":54}},"5":{"start":{"line":17,"column":0},"end":{"line":17,"column":41}},"6":{"start":{"line":18,"column":0},"end":{"line":18,"column":34}},"7":{"start":{"line":19,"column":0},"end":{"line":19,"column":42}},"8":{"start":{"line":21,"column":13},"end":{"line":40,"column":2}},"9":{"start":{"line":42,"column":13},"end":{"line":165,"column":1}},"10":{"start":{"line":43,"column":19},"end":{"line":43,"column":32}},"11":{"start":{"line":45,"column":2},"end":{"line":49,"column":9}},"12":{"start":{"line":46,"column":19},"end":{"line":46,"column":49}},"13":{"start":{"line":47,"column":4},"end":{"line":47,"column":24}},"14":{"start":{"line":47,"column":17},"end":{"line":47,"column":24}},"15":{"start":{"line":48,"column":4},"end":{"line":48,"column":31}},"16":{"start":{"line":51,"column":2},"end":{"line":164,"column":4}},"17":{"start":{"line":82,"column":34},"end":{"line":98,"column":14}},"18":{"start":{"line":167,"column":0},"end":{"line":167,"column":20}}},"fnMap":{"0":{"name":"(anonymous_3)","decl":{"start":{"line":42,"column":13},"end":{"line":42,"column":null}},"loc":{"start":{"line":42,"column":13},"end":{"line":165,"column":1}}},"1":{"name":"(anonymous_4)","decl":{"start":{"line":45,"column":12},"end":{"line":45,"column":null}},"loc":{"start":{"line":45,"column":12},"end":{"line":49,"column":3}}},"2":{"name":"(anonymous_5)","decl":{"start":{"line":82,"column":22},"end":{"line":82,"column":23}},"loc":{"start":{"line":82,"column":29},"end":{"line":82,"column":null}}}},"branchMap":{"0":{"loc":{"start":{"line":47,"column":4},"end":{"line":47,"column":24}},"type":"if","locations":[{"start":{"line":47,"column":4},"end":{"line":47,"column":24}}]}},"s":{"0":3,"1":3,"2":3,"3":3,"4":3,"5":3,"6":3,"7":3,"8":3,"9":3,"10":2,"11":1,"12":1,"13":1,"14":1,"15":0,"16":1,"17":3,"18":3},"f":{"0":2,"1":1,"2":3},"b":{"0":[1]}}
,"/Users/mac/Documents/sites/tech-test/src/containers/Home/Hero.tsx": {"path":"/Users/mac/Documents/sites/tech-test/src/containers/Home/Hero.tsx","statementMap":{"0":{"start":{"line":1,"column":0},"end":{"line":1,"column":54}},"1":{"start":{"line":2,"column":0},"end":{"line":2,"column":43}},"2":{"start":{"line":3,"column":0},"end":{"line":3,"column":58}},"3":{"start":{"line":4,"column":0},"end":{"line":4,"column":40}},"4":{"start":{"line":6,"column":13},"end":{"line":40,"column":1}},"5":{"start":{"line":7,"column":2},"end":{"line":39,"column":4}},"6":{"start":{"line":42,"column":0},"end":{"line":42,"column":20}}},"fnMap":{"0":{"name":"(anonymous_3)","decl":{"start":{"line":6,"column":13},"end":{"line":6,"column":null}},"loc":{"start":{"line":6,"column":13},"end":{"line":40,"column":1}}}},"branchMap":{},"s":{"0":3,"1":3,"2":3,"3":3,"4":3,"5":3,"6":3},"f":{"0":3},"b":{}}
,"/Users/mac/Documents/sites/tech-test/src/containers/Home/HomeProducts.tsx": {"path":"/Users/mac/Documents/sites/tech-test/src/containers/Home/HomeProducts.tsx","statementMap":{"0":{"start":{"line":1,"column":0},"end":{"line":1,"column":32}},"1":{"start":{"line":3,"column":21},"end":{"line":14,"column":1}},"2":{"start":{"line":4,"column":2},"end":{"line":13,"column":4}},"3":{"start":{"line":16,"column":0},"end":{"line":16,"column":28}}},"fnMap":{"0":{"name":"(anonymous_3)","decl":{"start":{"line":3,"column":21},"end":{"line":3,"column":null}},"loc":{"start":{"line":3,"column":21},"end":{"line":14,"column":1}}}},"branchMap":{},"s":{"0":3,"1":3,"2":3,"3":3},"f":{"0":3},"b":{}}
,"/Users/mac/Documents/sites/tech-test/src/containers/Home/Product.tsx": {"path":"/Users/mac/Documents/sites/tech-test/src/containers/Home/Product.tsx","statementMap":{"0":{"start":{"line":1,"column":0},"end":{"line":1,"column":60}},"1":{"start":{"line":2,"column":0},"end":{"line":2,"column":58}},"2":{"start":{"line":4,"column":16},"end":{"line":17,"column":1}},"3":{"start":{"line":5,"column":2},"end":{"line":16,"column":4}},"4":{"start":{"line":19,"column":0},"end":{"line":19,"column":23}}},"fnMap":{"0":{"name":"(anonymous_3)","decl":{"start":{"line":4,"column":16},"end":{"line":4,"column":null}},"loc":{"start":{"line":4,"column":16},"end":{"line":17,"column":1}}}},"branchMap":{},"s":{"0":3,"1":3,"2":3,"3":18,"4":3},"f":{"0":18},"b":{}}
,"/Users/mac/Documents/sites/tech-test/src/containers/Home/Slider.tsx": {"path":"/Users/mac/Documents/sites/tech-test/src/containers/Home/Slider.tsx","statementMap":{"0":{"start":{"line":2,"column":0},"end":{"line":2,"column":60}},"1":{"start":{"line":3,"column":0},"end":{"line":3,"column":58}},"2":{"start":{"line":4,"column":0},"end":{"line":4,"column":45}},"3":{"start":{"line":5,"column":0},"end":{"line":5,"column":77}},"4":{"start":{"line":7,"column":13},"end":{"line":36,"column":2}},"5":{"start":{"line":37,"column":15},"end":{"line":69,"column":1}},"6":{"start":{"line":38,"column":2},"end":{"line":68,"column":4}},"7":{"start":{"line":42,"column":8},"end":{"line":64,"column":10}},"8":{"start":{"line":70,"column":0},"end":{"line":70,"column":22}}},"fnMap":{"0":{"name":"(anonymous_3)","decl":{"start":{"line":37,"column":15},"end":{"line":37,"column":null}},"loc":{"start":{"line":37,"column":15},"end":{"line":69,"column":1}}},"1":{"name":"(anonymous_4)","decl":{"start":{"line":41,"column":16},"end":{"line":41,"column":17}},"loc":{"start":{"line":41,"column":28},"end":{"line":65,"column":7}}}},"branchMap":{},"s":{"0":3,"1":3,"2":3,"3":3,"4":3,"5":3,"6":3,"7":21,"8":3},"f":{"0":3,"1":21},"b":{}}
,"/Users/mac/Documents/sites/tech-test/src/containers/Home/index.tsx": {"path":"/Users/mac/Documents/sites/tech-test/src/containers/Home/index.tsx","statementMap":{"0":{"start":{"line":1,"column":0},"end":{"line":1,"column":26}},"1":{"start":{"line":2,"column":0},"end":{"line":2,"column":42}},"2":{"start":{"line":3,"column":0},"end":{"line":3,"column":30}},"3":{"start":{"line":4,"column":0},"end":{"line":4,"column":28}},"4":{"start":{"line":6,"column":13},"end":{"line":14,"column":1}},"5":{"start":{"line":7,"column":2},"end":{"line":13,"column":4}},"6":{"start":{"line":15,"column":0},"end":{"line":15,"column":20}}},"fnMap":{"0":{"name":"(anonymous_3)","decl":{"start":{"line":6,"column":13},"end":{"line":6,"column":null}},"loc":{"start":{"line":6,"column":13},"end":{"line":14,"column":1}}}},"branchMap":{},"s":{"0":3,"1":3,"2":3,"3":3,"4":3,"5":3,"6":3},"f":{"0":3},"b":{}}
,"/Users/mac/Documents/sites/tech-test/src/containers/ProductDetail/index.tsx": {"path":"/Users/mac/Documents/sites/tech-test/src/containers/ProductDetail/index.tsx","statementMap":{"0":{"start":{"line":1,"column":0},"end":{"line":1,"column":53}},"1":{"start":{"line":2,"column":0},"end":{"line":2,"column":54}},"2":{"start":{"line":3,"column":0},"end":{"line":3,"column":null}},"3":{"start":{"line":14,"column":0},"end":{"line":14,"column":38}},"4":{"start":{"line":15,"column":0},"end":{"line":15,"column":49}},"5":{"start":{"line":16,"column":0},"end":{"line":16,"column":44}},"6":{"start":{"line":17,"column":0},"end":{"line":17,"column":63}},"7":{"start":{"line":18,"column":0},"end":{"line":18,"column":59}},"8":{"start":{"line":19,"column":0},"end":{"line":19,"column":59}},"9":{"start":{"line":20,"column":0},"end":{"line":20,"column":55}},"10":{"start":{"line":21,"column":0},"end":{"line":21,"column":70}},"11":{"start":{"line":24,"column":15},"end":{"line":24,"column":43}},"12":{"start":{"line":26,"column":22},"end":{"line":230,"column":1}},"13":{"start":{"line":27,"column":17},"end":{"line":27,"column":45}},"14":{"start":{"line":29,"column":18},"end":{"line":29,"column":77}},"15":{"start":{"line":29,"column":51},"end":{"line":29,"column":77}},"16":{"start":{"line":31,"column":19},"end":{"line":31,"column":32}},"17":{"start":{"line":32,"column":38},"end":{"line":32,"column":49}},"18":{"start":{"line":32,"column":19},"end":{"line":32,"column":21}},"19":{"start":{"line":32,"column":34},"end":{"line":32,"column":38}},"20":{"start":{"line":33,"column":40},"end":{"line":33,"column":59}},"21":{"start":{"line":33,"column":20},"end":{"line":33,"column":22}},"22":{"start":{"line":33,"column":36},"end":{"line":33,"column":40}},"23":{"start":{"line":35,"column":2},"end":{"line":37,"column":11}},"24":{"start":{"line":36,"column":4},"end":{"line":36,"column":35}},"25":{"start":{"line":39,"column":26},"end":{"line":51,"column":3}},"26":{"start":{"line":40,"column":20},"end":{"line":44,"column":6}},"27":{"start":{"line":45,"column":19},"end":{"line":45,"column":49}},"28":{"start":{"line":46,"column":4},"end":{"line":50,"column":null}},"29":{"start":{"line":47,"column":6},"end":{"line":47,"column":44}},"30":{"start":{"line":49,"column":6},"end":{"line":49,"column":33}},"31":{"start":{"line":53,"column":2},"end":{"line":229,"column":4}},"32":{"start":{"line":115,"column":18},"end":{"line":115,"column":53}},"33":{"start":{"line":118,"column":40},"end":{"line":122,"column":18}},"34":{"start":{"line":131,"column":18},"end":{"line":131,"column":47}},"35":{"start":{"line":131,"column":40},"end":{"line":131,"column":47}},"36":{"start":{"line":132,"column":18},"end":{"line":132,"column":48}},"37":{"start":{"line":152,"column":18},"end":{"line":152,"column":48}},"38":{"start":{"line":231,"column":0},"end":{"line":231,"column":29}}},"fnMap":{"0":{"name":"(anonymous_3)","decl":{"start":{"line":26,"column":22},"end":{"line":26,"column":null}},"loc":{"start":{"line":26,"column":22},"end":{"line":230,"column":1}}},"1":{"name":"(anonymous_4)","decl":{"start":{"line":29,"column":30},"end":{"line":29,"column":31}},"loc":{"start":{"line":29,"column":46},"end":{"line":29,"column":56}}},"2":{"name":"(anonymous_5)","decl":{"start":{"line":35,"column":12},"end":{"line":35,"column":null}},"loc":{"start":{"line":35,"column":12},"end":{"line":37,"column":3}}},"3":{"name":"(anonymous_6)","decl":{"start":{"line":39,"column":26},"end":{"line":39,"column":null}},"loc":{"start":{"line":39,"column":26},"end":{"line":51,"column":3}}},"4":{"name":"(anonymous_7)","decl":{"start":{"line":114,"column":26},"end":{"line":114,"column":27}},"loc":{"start":{"line":114,"column":32},"end":{"line":116,"column":17}}},"5":{"name":"(anonymous_8)","decl":{"start":{"line":118,"column":28},"end":{"line":118,"column":29}},"loc":{"start":{"line":118,"column":35},"end":{"line":118,"column":null}}},"6":{"name":"(anonymous_9)","decl":{"start":{"line":130,"column":25},"end":{"line":130,"column":null}},"loc":{"start":{"line":130,"column":25},"end":{"line":133,"column":17}}},"7":{"name":"(anonymous_10)","decl":{"start":{"line":151,"column":25},"end":{"line":151,"column":null}},"loc":{"start":{"line":151,"column":25},"end":{"line":153,"column":17}}}},"branchMap":{"0":{"loc":{"start":{"line":46,"column":4},"end":{"line":50,"column":null}},"type":"if","locations":[{"start":{"line":46,"column":4},"end":{"line":50,"column":null}},{"start":{"line":48,"column":11},"end":{"line":50,"column":null}}]},"1":{"loc":{"start":{"line":131,"column":18},"end":{"line":131,"column":47}},"type":"if","locations":[{"start":{"line":131,"column":18},"end":{"line":131,"column":47}}]}},"s":{"0":3,"1":3,"2":3,"3":3,"4":3,"5":3,"6":3,"7":3,"8":3,"9":3,"10":3,"11":3,"12":3,"13":7,"14":7,"15":7,"16":7,"17":7,"18":7,"19":7,"20":7,"21":7,"22":7,"23":7,"24":5,"25":7,"26":2,"27":2,"28":2,"29":1,"30":1,"31":7,"32":1,"33":35,"34":1,"35":1,"36":0,"37":1,"38":3},"f":{"0":7,"1":7,"2":5,"3":2,"4":1,"5":35,"6":1,"7":1},"b":{"0":[1,1],"1":[1]}}
,"/Users/mac/Documents/sites/tech-test/src/containers/Products/index.tsx": {"path":"/Users/mac/Documents/sites/tech-test/src/containers/Products/index.tsx","statementMap":{"0":{"start":{"line":1,"column":0},"end":{"line":1,"column":40}},"1":{"start":{"line":2,"column":0},"end":{"line":2,"column":54}},"2":{"start":{"line":3,"column":0},"end":{"line":3,"column":42}},"3":{"start":{"line":4,"column":0},"end":{"line":4,"column":31}},"4":{"start":{"line":5,"column":0},"end":{"line":5,"column":44}},"5":{"start":{"line":6,"column":0},"end":{"line":6,"column":64}},"6":{"start":{"line":7,"column":0},"end":{"line":7,"column":50}},"7":{"start":{"line":8,"column":0},"end":{"line":8,"column":42}},"8":{"start":{"line":9,"column":0},"end":{"line":9,"column":44}},"9":{"start":{"line":10,"column":0},"end":{"line":10,"column":46}},"10":{"start":{"line":11,"column":0},"end":{"line":11,"column":52}},"11":{"start":{"line":12,"column":0},"end":{"line":12,"column":53}},"12":{"start":{"line":13,"column":0},"end":{"line":13,"column":54}},"13":{"start":{"line":14,"column":0},"end":{"line":14,"column":75}},"14":{"start":{"line":15,"column":0},"end":{"line":15,"column":56}},"15":{"start":{"line":16,"column":0},"end":{"line":16,"column":34}},"16":{"start":{"line":17,"column":0},"end":{"line":17,"column":55}},"17":{"start":{"line":18,"column":0},"end":{"line":18,"column":103}},"18":{"start":{"line":19,"column":0},"end":{"line":19,"column":49}},"19":{"start":{"line":20,"column":0},"end":{"line":20,"column":40}},"20":{"start":{"line":22,"column":0},"end":{"line":22,"column":53}},"21":{"start":{"line":24,"column":18},"end":{"line":38,"column":3}},"22":{"start":{"line":24,"column":40},"end":{"line":38,"column":3}},"23":{"start":{"line":40,"column":17},"end":{"line":292,"column":1}},"24":{"start":{"line":41,"column":18},"end":{"line":41,"column":29}},"25":{"start":{"line":42,"column":28},"end":{"line":42,"column":58}},"26":{"start":{"line":42,"column":14},"end":{"line":42,"column":16}},"27":{"start":{"line":42,"column":24},"end":{"line":42,"column":28}},"28":{"start":{"line":43,"column":36},"end":{"line":43,"column":51}},"29":{"start":{"line":43,"column":18},"end":{"line":43,"column":20}},"30":{"start":{"line":43,"column":32},"end":{"line":43,"column":36}},"31":{"start":{"line":44,"column":34},"end":{"line":44,"column":46}},"32":{"start":{"line":44,"column":17},"end":{"line":44,"column":19}},"33":{"start":{"line":44,"column":30},"end":{"line":44,"column":34}},"34":{"start":{"line":45,"column":34},"end":{"line":45,"column":46}},"35":{"start":{"line":45,"column":17},"end":{"line":45,"column":19}},"36":{"start":{"line":45,"column":30},"end":{"line":45,"column":34}},"37":{"start":{"line":47,"column":27},"end":{"line":51,"column":3}},"38":{"start":{"line":48,"column":24},"end":{"line":48,"column":63}},"39":{"start":{"line":49,"column":4},"end":{"line":49,"column":48}},"40":{"start":{"line":50,"column":4},"end":{"line":50,"column":29}},"41":{"start":{"line":53,"column":23},"end":{"line":55,"column":3}},"42":{"start":{"line":54,"column":4},"end":{"line":54,"column":23}},"43":{"start":{"line":57,"column":19},"end":{"line":57,"column":32}},"44":{"start":{"line":59,"column":26},"end":{"line":59,"column":81}},"45":{"start":{"line":59,"column":54},"end":{"line":59,"column":81}},"46":{"start":{"line":60,"column":28},"end":{"line":60,"column":87}},"47":{"start":{"line":60,"column":61},"end":{"line":60,"column":87}},"48":{"start":{"line":62,"column":2},"end":{"line":65,"column":9}},"49":{"start":{"line":63,"column":4},"end":{"line":63,"column":28}},"50":{"start":{"line":64,"column":4},"end":{"line":64,"column":30}},"51":{"start":{"line":67,"column":2},"end":{"line":72,"column":45}},"52":{"start":{"line":68,"column":4},"end":{"line":71,"column":null}},"53":{"start":{"line":69,"column":6},"end":{"line":69,"column":35}},"54":{"start":{"line":70,"column":6},"end":{"line":70,"column":37}},"55":{"start":{"line":74,"column":2},"end":{"line":76,"column":14}},"56":{"start":{"line":75,"column":4},"end":{"line":75,"column":21}},"57":{"start":{"line":78,"column":2},"end":{"line":80,"column":18}},"58":{"start":{"line":79,"column":4},"end":{"line":79,"column":47}},"59":{"start":{"line":82,"column":25},"end":{"line":85,"column":3}},"60":{"start":{"line":83,"column":26},"end":{"line":83,"column":98}},"61":{"start":{"line":83,"column":78},"end":{"line":83,"column":98}},"62":{"start":{"line":84,"column":4},"end":{"line":84,"column":31}},"63":{"start":{"line":87,"column":27},"end":{"line":89,"column":3}},"64":{"start":{"line":88,"column":4},"end":{"line":88,"column":50}},"65":{"start":{"line":91,"column":29},"end":{"line":98,"column":3}},"66":{"start":{"line":92,"column":24},"end":{"line":92,"column":45}},"67":{"start":{"line":93,"column":26},"end":{"line":94,"column":null}},"68":{"start":{"line":94,"column":6},"end":{"line":94,"column":null}},"69":{"start":{"line":97,"column":4},"end":{"line":97,"column":31}},"70":{"start":{"line":99,"column":26},"end":{"line":99,"column":37}},"71":{"start":{"line":99,"column":13},"end":{"line":99,"column":15}},"72":{"start":{"line":99,"column":22},"end":{"line":99,"column":26}},"73":{"start":{"line":100,"column":19},"end":{"line":100,"column":20}},"74":{"start":{"line":102,"column":16},"end":{"line":102,"column":53}},"75":{"start":{"line":103,"column":16},"end":{"line":103,"column":49}},"76":{"start":{"line":105,"column":33},"end":{"line":108,"column":3}},"77":{"start":{"line":106,"column":4},"end":{"line":106,"column":15}},"78":{"start":{"line":107,"column":4},"end":{"line":107,"column":18}},"79":{"start":{"line":110,"column":2},"end":{"line":291,"column":4}},"80":{"start":{"line":125,"column":69},"end":{"line":125,"column":92}},"81":{"start":{"line":179,"column":61},"end":{"line":194,"column":16}},"82":{"start":{"line":183,"column":33},"end":{"line":183,"column":null}},"83":{"start":{"line":252,"column":76},"end":{"line":275,"column":16}},"84":{"start":{"line":293,"column":0},"end":{"line":293,"column":24}}},"fnMap":{"0":{"name":"(anonymous_3)","decl":{"start":{"line":24,"column":29},"end":{"line":24,"column":30}},"loc":{"start":{"line":24,"column":35},"end":{"line":24,"column":41}}},"1":{"name":"(anonymous_4)","decl":{"start":{"line":40,"column":17},"end":{"line":40,"column":null}},"loc":{"start":{"line":40,"column":17},"end":{"line":292,"column":1}}},"2":{"name":"(anonymous_5)","decl":{"start":{"line":47,"column":27},"end":{"line":47,"column":28}},"loc":{"start":{"line":47,"column":61},"end":{"line":51,"column":3}}},"3":{"name":"(anonymous_6)","decl":{"start":{"line":53,"column":23},"end":{"line":53,"column":24}},"loc":{"start":{"line":53,"column":51},"end":{"line":55,"column":3}}},"4":{"name":"(anonymous_7)","decl":{"start":{"line":59,"column":38},"end":{"line":59,"column":39}},"loc":{"start":{"line":59,"column":49},"end":{"line":59,"column":59}}},"5":{"name":"(anonymous_8)","decl":{"start":{"line":60,"column":40},"end":{"line":60,"column":41}},"loc":{"start":{"line":60,"column":56},"end":{"line":60,"column":66}}},"6":{"name":"(anonymous_9)","decl":{"start":{"line":62,"column":12},"end":{"line":62,"column":null}},"loc":{"start":{"line":62,"column":12},"end":{"line":65,"column":3}}},"7":{"name":"(anonymous_10)","decl":{"start":{"line":67,"column":12},"end":{"line":67,"column":null}},"loc":{"start":{"line":67,"column":12},"end":{"line":72,"column":3}}},"8":{"name":"(anonymous_11)","decl":{"start":{"line":74,"column":12},"end":{"line":74,"column":null}},"loc":{"start":{"line":74,"column":12},"end":{"line":76,"column":3}}},"9":{"name":"(anonymous_12)","decl":{"start":{"line":78,"column":12},"end":{"line":78,"column":null}},"loc":{"start":{"line":78,"column":12},"end":{"line":80,"column":3}}},"10":{"name":"(anonymous_13)","decl":{"start":{"line":82,"column":25},"end":{"line":82,"column":null}},"loc":{"start":{"line":82,"column":25},"end":{"line":85,"column":3}}},"11":{"name":"(anonymous_14)","decl":{"start":{"line":83,"column":49},"end":{"line":83,"column":50}},"loc":{"start":{"line":83,"column":73},"end":{"line":83,"column":82}}},"12":{"name":"(anonymous_15)","decl":{"start":{"line":87,"column":27},"end":{"line":87,"column":28}},"loc":{"start":{"line":87,"column":50},"end":{"line":89,"column":3}}},"13":{"name":"(anonymous_16)","decl":{"start":{"line":91,"column":29},"end":{"line":91,"column":30}},"loc":{"start":{"line":91,"column":68},"end":{"line":98,"column":3}}},"14":{"name":"(anonymous_17)","decl":{"start":{"line":93,"column":49},"end":{"line":93,"column":50}},"loc":{"start":{"line":93,"column":73},"end":{"line":94,"column":10}}},"15":{"name":"(anonymous_18)","decl":{"start":{"line":105,"column":33},"end":{"line":105,"column":34}},"loc":{"start":{"line":105,"column":74},"end":{"line":108,"column":3}}},"16":{"name":"(anonymous_19)","decl":{"start":{"line":125,"column":51},"end":{"line":125,"column":52}},"loc":{"start":{"line":125,"column":64},"end":{"line":125,"column":81}}},"17":{"name":"(anonymous_20)","decl":{"start":{"line":179,"column":28},"end":{"line":179,"column":29}},"loc":{"start":{"line":179,"column":56},"end":{"line":179,"column":null}}},"18":{"name":"(anonymous_21)","decl":{"start":{"line":183,"column":27},"end":{"line":183,"column":33}},"loc":{"start":{"line":183,"column":27},"end":{"line":183,"column":49}}},"19":{"name":"(anonymous_22)","decl":{"start":{"line":252,"column":39},"end":{"line":252,"column":40}},"loc":{"start":{"line":252,"column":71},"end":{"line":252,"column":null}}}},"branchMap":{"0":{"loc":{"start":{"line":68,"column":4},"end":{"line":71,"column":null}},"type":"if","locations":[{"start":{"line":68,"column":4},"end":{"line":71,"column":null}}]},"1":{"loc":{"start":{"line":68,"column":8},"end":{"line":68,"column":66}},"type":"binary-expr","locations":[{"start":{"line":68,"column":8},"end":{"line":68,"column":34}},{"start":{"line":68,"column":38},"end":{"line":68,"column":66}}]},"2":{"loc":{"start":{"line":72,"column":6},"end":{"line":72,"column":42}},"type":"binary-expr","locations":[{"start":{"line":72,"column":6},"end":{"line":72,"column":21}},{"start":{"line":72,"column":25},"end":{"line":72,"column":42}}]},"3":{"loc":{"start":{"line":178,"column":13},"end":{"line":194,"column":null}},"type":"binary-expr","locations":[{"start":{"line":178,"column":13},"end":{"line":178,"column":32}},{"start":{"line":179,"column":14},"end":{"line":194,"column":16}}]},"4":{"loc":{"start":{"line":179,"column":14},"end":{"line":194,"column":16}},"type":"cond-expr","locations":[{"start":{"line":179,"column":22},"end":{"line":179,"column":24}},{"start":{"line":179,"column":14},"end":{"line":194,"column":16}}]},"5":{"loc":{"start":{"line":179,"column":14},"end":{"line":179,"column":24}},"type":"binary-expr","locations":[{"start":{"line":179,"column":14},"end":{"line":179,"column":24}},{"start":{"line":179,"column":14},"end":{"line":179,"column":24}}]}},"s":{"0":3,"1":3,"2":3,"3":3,"4":3,"5":3,"6":3,"7":3,"8":3,"9":3,"10":3,"11":3,"12":3,"13":3,"14":3,"15":3,"16":3,"17":3,"18":3,"19":3,"20":3,"21":3,"22":1,"23":3,"24":2,"25":2,"26":2,"27":2,"28":2,"29":2,"30":2,"31":2,"32":2,"33":2,"34":2,"35":2,"36":2,"37":2,"38":0,"39":0,"40":0,"41":2,"42":0,"43":2,"44":2,"45":2,"46":2,"47":2,"48":2,"49":1,"50":1,"51":2,"52":1,"53":1,"54":1,"55":2,"56":1,"57":2,"58":1,"59":2,"60":1,"61":1,"62":1,"63":2,"64":0,"65":2,"66":0,"67":0,"68":0,"69":0,"70":2,"71":2,"72":2,"73":2,"74":2,"75":2,"76":2,"77":0,"78":0,"79":2,"80":0,"81":0,"82":0,"83":0,"84":3},"f":{"0":1,"1":2,"2":0,"3":0,"4":2,"5":2,"6":1,"7":1,"8":1,"9":1,"10":1,"11":1,"12":0,"13":0,"14":0,"15":0,"16":0,"17":0,"18":0,"19":0},"b":{"0":[1],"1":[1,0],"2":[2,0],"3":[2,0],"4":[0,0],"5":[0,0]}}
,"/Users/mac/Documents/sites/tech-test/src/reducers/cartReducer.tsx": {"path":"/Users/mac/Documents/sites/tech-test/src/reducers/cartReducer.tsx","statementMap":{"0":{"start":{"line":1,"column":0},"end":{"line":1,"column":null}},"1":{"start":{"line":6,"column":0},"end":{"line":6,"column":42}},"2":{"start":{"line":8,"column":20},"end":{"line":32,"column":1}},"3":{"start":{"line":8,"column":21},"end":{"line":8,"column":52}},"4":{"start":{"line":9,"column":2},"end":{"line":31,"column":null}},"5":{"start":{"line":11,"column":6},"end":{"line":14,"column":null}},"6":{"start":{"line":17,"column":6},"end":{"line":20,"column":null}},"7":{"start":{"line":23,"column":6},"end":{"line":26,"column":null}},"8":{"start":{"line":30,"column":6},"end":{"line":30,"column":19}},"9":{"start":{"line":34,"column":0},"end":{"line":34,"column":27}}},"fnMap":{"0":{"name":"(anonymous_3)","decl":{"start":{"line":8,"column":20},"end":{"line":8,"column":21}},"loc":{"start":{"line":8,"column":93},"end":{"line":32,"column":1}}}},"branchMap":{"0":{"loc":{"start":{"line":8,"column":21},"end":{"line":8,"column":52}},"type":"if","locations":[{"start":{"line":8,"column":21},"end":{"line":8,"column":52}}]},"1":{"loc":{"start":{"line":9,"column":2},"end":{"line":31,"column":null}},"type":"switch","locations":[{"start":{"line":10,"column":4},"end":{"line":14,"column":null}},{"start":{"line":16,"column":4},"end":{"line":20,"column":null}},{"start":{"line":22,"column":4},"end":{"line":26,"column":null}},{"start":{"line":29,"column":4},"end":{"line":30,"column":19}}]}},"s":{"0":0,"1":0,"2":0,"3":0,"4":0,"5":0,"6":0,"7":0,"8":0,"9":0},"f":{"0":0},"b":{"0":[0],"1":[0,0,0,0]}}
,"/Users/mac/Documents/sites/tech-test/src/reducers/productReducer.tsx": {"path":"/Users/mac/Documents/sites/tech-test/src/reducers/productReducer.tsx","statementMap":{"0":{"start":{"line":1,"column":0},"end":{"line":1,"column":null}},"1":{"start":{"line":18,"column":0},"end":{"line":18,"column":42}},"2":{"start":{"line":20,"column":23},"end":{"line":123,"column":1}},"3":{"start":{"line":21,"column":2},"end":{"line":21,"column":null}},"4":{"start":{"line":24,"column":2},"end":{"line":122,"column":null}},"5":{"start":{"line":26,"column":6},"end":{"line":29,"column":null}},"6":{"start":{"line":32,"column":6},"end":{"line":35,"column":null}},"7":{"start":{"line":38,"column":6},"end":{"line":41,"column":null}},"8":{"start":{"line":45,"column":6},"end":{"line":48,"column":null}},"9":{"start":{"line":51,"column":6},"end":{"line":54,"column":null}},"10":{"start":{"line":57,"column":6},"end":{"line":60,"column":null}},"11":{"start":{"line":64,"column":6},"end":{"line":67,"column":null}},"12":{"start":{"line":70,"column":6},"end":{"line":73,"column":null}},"13":{"start":{"line":76,"column":6},"end":{"line":79,"column":null}},"14":{"start":{"line":83,"column":6},"end":{"line":86,"column":null}},"15":{"start":{"line":89,"column":6},"end":{"line":92,"column":null}},"16":{"start":{"line":95,"column":6},"end":{"line":98,"column":null}},"17":{"start":{"line":102,"column":6},"end":{"line":105,"column":null}},"18":{"start":{"line":108,"column":6},"end":{"line":111,"column":null}},"19":{"start":{"line":114,"column":6},"end":{"line":117,"column":null}},"20":{"start":{"line":121,"column":6},"end":{"line":121,"column":19}},"21":{"start":{"line":125,"column":0},"end":{"line":125,"column":30}}},"fnMap":{"0":{"name":"(anonymous_3)","decl":{"start":{"line":20,"column":23},"end":{"line":20,"column":null}},"loc":{"start":{"line":22,"column":43},"end":{"line":123,"column":1}}}},"branchMap":{"0":{"loc":{"start":{"line":21,"column":2},"end":{"line":21,"column":null}},"type":"if","locations":[{"start":{"line":21,"column":2},"end":{"line":21,"column":null}}]},"1":{"loc":{"start":{"line":24,"column":2},"end":{"line":122,"column":null}},"type":"switch","locations":[{"start":{"line":25,"column":4},"end":{"line":29,"column":null}},{"start":{"line":31,"column":4},"end":{"line":35,"column":null}},{"start":{"line":37,"column":4},"end":{"line":41,"column":null}},{"start":{"line":44,"column":4},"end":{"line":48,"column":null}},{"start":{"line":50,"column":4},"end":{"line":54,"column":null}},{"start":{"line":56,"column":4},"end":{"line":60,"column":null}},{"start":{"line":63,"column":4},"end":{"line":67,"column":null}},{"start":{"line":69,"column":4},"end":{"line":73,"column":null}},{"start":{"line":75,"column":4},"end":{"line":79,"column":null}},{"start":{"line":82,"column":4},"end":{"line":86,"column":null}},{"start":{"line":88,"column":4},"end":{"line":92,"column":null}},{"start":{"line":94,"column":4},"end":{"line":98,"column":null}},{"start":{"line":101,"column":6},"end":{"line":105,"column":null}},{"start":{"line":107,"column":4},"end":{"line":111,"column":null}},{"start":{"line":113,"column":4},"end":{"line":117,"column":null}},{"start":{"line":120,"column":4},"end":{"line":121,"column":19}}]}},"s":{"0":0,"1":0,"2":0,"3":0,"4":0,"5":0,"6":0,"7":0,"8":0,"9":0,"10":0,"11":0,"12":0,"13":0,"14":0,"15":0,"16":0,"17":0,"18":0,"19":0,"20":0,"21":0},"f":{"0":0},"b":{"0":[0],"1":[0,0,0,0,0,0,0,0,0,0,0,0,0,0,0,0]}}
,"/Users/mac/Documents/sites/tech-test/src/routes/index.tsx": {"path":"/Users/mac/Documents/sites/tech-test/src/routes/index.tsx","statementMap":{"0":{"start":{"line":1,"column":0},"end":{"line":1,"column":49}},"1":{"start":{"line":2,"column":0},"end":{"line":2,"column":68}},"2":{"start":{"line":3,"column":0},"end":{"line":3,"column":null}},"3":{"start":{"line":11,"column":2},"end":{"line":20,"column":4}},"4":{"start":{"line":23,"column":0},"end":{"line":23,"column":30}}},"fnMap":{"0":{"name":"ShoppingRoutes","decl":{"start":{"line":10,"column":9},"end":{"line":10,"column":23}},"loc":{"start":{"line":10,"column":23},"end":{"line":21,"column":1}}}},"branchMap":{},"s":{"0":2,"1":2,"2":2,"3":2,"4":2},"f":{"0":2},"b":{}}
,"/Users/mac/Documents/sites/tech-test/src/services/api/api.tsx": {"path":"/Users/mac/Documents/sites/tech-test/src/services/api/api.tsx","statementMap":{"0":{"start":{"line":1,"column":0},"end":{"line":1,"column":42}},"1":{"start":{"line":3,"column":25},"end":{"line":6,"column":1}},"2":{"start":{"line":5,"column":2},"end":{"line":5,"column":14}},"3":{"start":{"line":8,"column":16},"end":{"line":8,"column":42}},"4":{"start":{"line":10,"column":27},"end":{"line":12,"column":2}},"5":{"start":{"line":11,"column":2},"end":{"line":11,"column":60}},"6":{"start":{"line":10,"column":13},"end":{"line":10,"column":27}},"7":{"start":{"line":14,"column":35},"end":{"line":16,"column":2}},"8":{"start":{"line":14,"column":57},"end":{"line":16,"column":2}},"9":{"start":{"line":15,"column":2},"end":{"line":15,"column":80}},"10":{"start":{"line":14,"column":13},"end":{"line":14,"column":35}},"11":{"start":{"line":18,"column":29},"end":{"line":20,"column":2}},"12":{"start":{"line":19,"column":2},"end":{"line":19,"column":71}},"13":{"start":{"line":18,"column":13},"end":{"line":18,"column":29}},"14":{"start":{"line":22,"column":32},"end":{"line":24,"column":2}},"15":{"start":{"line":22,"column":61},"end":{"line":24,"column":2}},"16":{"start":{"line":23,"column":2},"end":{"line":23,"column":66}},"17":{"start":{"line":22,"column":13},"end":{"line":22,"column":32}},"18":{"start":{"line":26,"column":24},"end":{"line":28,"column":2}},"19":{"start":{"line":26,"column":50},"end":{"line":28,"column":2}},"20":{"start":{"line":27,"column":2},"end":{"line":27,"column":63}},"21":{"start":{"line":26,"column":13},"end":{"line":26,"column":24}},"22":{"start":{"line":30,"column":23},"end":{"line":34,"column":2}},"23":{"start":{"line":30,"column":45},"end":{"line":34,"column":2}},"24":{"start":{"line":31,"column":2},"end":{"line":33,"column":5}},"25":{"start":{"line":30,"column":13},"end":{"line":30,"column":23}},"26":{"start":{"line":36,"column":26},"end":{"line":40,"column":2}},"27":{"start":{"line":36,"column":73},"end":{"line":40,"column":2}},"28":{"start":{"line":37,"column":2},"end":{"line":39,"column":5}},"29":{"start":{"line":36,"column":13},"end":{"line":36,"column":26}},"30":{"start":{"line":42,"column":37},"end":{"line":45,"column":2}},"31":{"start":{"line":42,"column":56},"end":{"line":45,"column":2}},"32":{"start":{"line":43,"column":2},"end":{"line":44,"column":5}},"33":{"start":{"line":42,"column":13},"end":{"line":42,"column":37}}},"fnMap":{"0":{"name":"(anonymous_13)","decl":{"start":{"line":3,"column":25},"end":{"line":3,"column":26}},"loc":{"start":{"line":3,"column":39},"end":{"line":6,"column":1}}},"1":{"name":"(anonymous_14)","decl":{"start":{"line":10,"column":27},"end":{"line":10,"column":null}},"loc":{"start":{"line":10,"column":27},"end":{"line":12,"column":2}}},"2":{"name":"(anonymous_17)","decl":{"start":{"line":14,"column":35},"end":{"line":14,"column":42}},"loc":{"start":{"line":14,"column":57},"end":{"line":16,"column":2}}},"3":{"name":"(anonymous_18)","decl":{"start":{"line":14,"column":57},"end":{"line":14,"column":null}},"loc":{"start":{"line":14,"column":57},"end":{"line":16,"column":2}}},"4":{"name":"(anonymous_20)","decl":{"start":{"line":18,"column":29},"end":{"line":18,"column":null}},"loc":{"start":{"line":18,"column":29},"end":{"line":20,"column":2}}},"5":{"name":"(anonymous_23)","decl":{"start":{"line":22,"column":32},"end":{"line":22,"column":39}},"loc":{"start":{"line":22,"column":61},"end":{"line":24,"column":2}}},"6":{"name":"(anonymous_24)","decl":{"start":{"line":22,"column":61},"end":{"line":22,"column":null}},"loc":{"start":{"line":22,"column":61},"end":{"line":24,"column":2}}},"7":{"name":"(anonymous_26)","decl":{"start":{"line":26,"column":24},"end":{"line":26,"column":31}},"loc":{"start":{"line":26,"column":50},"end":{"line":28,"column":2}}},"8":{"name":"(anonymous_27)","decl":{"start":{"line":26,"column":50},"end":{"line":26,"column":null}},"loc":{"start":{"line":26,"column":50},"end":{"line":28,"column":2}}},"9":{"name":"(anonymous_29)","decl":{"start":{"line":30,"column":23},"end":{"line":30,"column":30}},"loc":{"start":{"line":30,"column":45},"end":{"line":34,"column":2}}},"10":{"name":"(anonymous_30)","decl":{"start":{"line":30,"column":45},"end":{"line":30,"column":null}},"loc":{"start":{"line":30,"column":45},"end":{"line":34,"column":2}}},"11":{"name":"(anonymous_32)","decl":{"start":{"line":36,"column":26},"end":{"line":36,"column":33}},"loc":{"start":{"line":36,"column":73},"end":{"line":40,"column":2}}},"12":{"name":"(anonymous_33)","decl":{"start":{"line":36,"column":73},"end":{"line":36,"column":null}},"loc":{"start":{"line":36,"column":73},"end":{"line":40,"column":2}}},"13":{"name":"(anonymous_35)","decl":{"start":{"line":42,"column":37},"end":{"line":42,"column":44}},"loc":{"start":{"line":42,"column":56},"end":{"line":45,"column":2}}},"14":{"name":"(anonymous_36)","decl":{"start":{"line":42,"column":56},"end":{"line":42,"column":null}},"loc":{"start":{"line":42,"column":56},"end":{"line":45,"column":2}}}},"branchMap":{},"s":{"0":4,"1":4,"2":7,"3":4,"4":5,"5":1,"6":4,"7":4,"8":0,"9":0,"10":4,"11":5,"12":1,"13":4,"14":4,"15":5,"16":5,"17":4,"18":4,"19":0,"20":0,"21":4,"22":4,"23":1,"24":1,"25":4,"26":4,"27":1,"28":1,"29":4,"30":4,"31":1,"32":1,"33":4},"f":{"0":7,"1":2,"2":0,"3":0,"4":2,"5":5,"6":5,"7":0,"8":0,"9":1,"10":1,"11":1,"12":1,"13":1,"14":1},"b":{}}
}
