TN:
SF:src/App.tsx
FN:5,(anonymous_3)
FN:14,(anonymous_4)
FNF:2
FNH:0
FNDA:0,(anonymous_3)
FNDA:0,(anonymous_4)
DA:1,0
DA:2,0
DA:3,0
DA:5,0
DA:7,0
DA:14,0
DA:15,0
DA:27,0
DA:35,0
LF:9
LH:0
BRDA:15,0,0,0
BRDA:15,0,1,0
BRDA:17,1,0,0
BRDA:17,1,1,0
BRDA:19,2,0,0
BRDA:19,2,1,0
BRF:6
BRH:0
end_of_record
TN:
SF:src/index.tsx
FNF:0
FNH:0
DA:1,0
DA:2,0
DA:3,0
DA:4,0
DA:5,0
DA:6,0
DA:7,0
DA:9,0
DA:11,0
DA:13,0
DA:14,0
DA:27,0
LF:12
LH:0
BRF:0
BRH:0
end_of_record
TN:
SF:src/actions/cartActions.tsx
FN:17,(anonymous_19)
FN:21,(anonymous_20)
FN:26,(anonymous_21)
FN:33,(anonymous_22)
FN:34,(anonymous_23)
FN:35,(anonymous_24)
FN:39,(anonymous_26)
FN:43,(anonymous_27)
FN:49,(anonymous_28)
FN:53,(anonymous_29)
FN:58,(anonymous_30)
FN:65,(anonymous_31)
FN:66,(anonymous_32)
FN:66,(anonymous_33)
FN:69,(anonymous_35)
FN:72,(anonymous_36)
FN:78,(anonymous_37)
FN:82,(anonymous_38)
FN:87,(anonymous_39)
FN:94,(anonymous_40)
FN:95,(anonymous_41)
FN:95,(anonymous_42)
FN:98,(anonymous_44)
FN:103,(anonymous_45)
FNF:24
FNH:0
FNDA:0,(anonymous_19)
FNDA:0,(anonymous_20)
FNDA:0,(anonymous_21)
FNDA:0,(anonymous_22)
FNDA:0,(anonymous_23)
FNDA:0,(anonymous_24)
FNDA:0,(anonymous_26)
FNDA:0,(anonymous_27)
FNDA:0,(anonymous_28)
FNDA:0,(anonymous_29)
FNDA:0,(anonymous_30)
FNDA:0,(anonymous_31)
FNDA:0,(anonymous_32)
FNDA:0,(anonymous_33)
FNDA:0,(anonymous_35)
FNDA:0,(anonymous_36)
FNDA:0,(anonymous_37)
FNDA:0,(anonymous_38)
FNDA:0,(anonymous_39)
FNDA:0,(anonymous_40)
FNDA:0,(anonymous_41)
FNDA:0,(anonymous_42)
FNDA:0,(anonymous_44)
FNDA:0,(anonymous_45)
DA:3,3
DA:14,3
DA:17,3
DA:21,3
DA:26,3
DA:32,3
DA:33,3
DA:34,0
DA:35,0
DA:37,0
DA:38,0
DA:40,0
DA:41,0
DA:44,0
DA:49,3
DA:53,3
DA:58,3
DA:64,3
DA:65,3
DA:66,0
DA:67,0
DA:68,0
DA:70,0
DA:73,0
DA:78,3
DA:82,3
DA:87,3
DA:93,3
DA:94,3
DA:95,0
DA:96,0
DA:97,0
DA:99,0
DA:101,0
DA:104,0
LF:35
LH:17
BRF:0
BRH:0
end_of_record
TN:
SF:src/actions/productActions.tsx
FN:22,(anonymous_19)
FN:26,(anonymous_20)
FN:31,(anonymous_21)
FN:37,(anonymous_22)
FN:37,(anonymous_23)
FN:37,(anonymous_24)
FN:40,(anonymous_26)
FN:43,(anonymous_27)
FN:49,(anonymous_28)
FN:53,(anonymous_29)
FN:58,(anonymous_30)
FN:65,(anonymous_31)
FN:66,(anonymous_32)
FN:66,(anonymous_33)
FN:69,(anonymous_35)
FN:72,(anonymous_36)
FN:78,(anonymous_37)
FN:82,(anonymous_38)
FN:87,(anonymous_39)
FN:93,(anonymous_40)
FN:93,(anonymous_41)
FN:93,(anonymous_42)
FN:96,(anonymous_44)
FN:99,(anonymous_45)
FN:105,(anonymous_46)
FN:109,(anonymous_47)
FN:114,(anonymous_48)
FN:121,(anonymous_49)
FN:122,(anonymous_50)
FN:122,(anonymous_51)
FN:125,(anonymous_53)
FN:128,(anonymous_54)
FN:134,(anonymous_55)
FN:138,(anonymous_56)
FN:143,(anonymous_57)
FN:150,(anonymous_58)
FN:151,(anonymous_59)
FN:151,(anonymous_60)
FN:154,(anonymous_62)
FN:157,(anonymous_63)
FNF:40
FNH:18
FNDA:1,(anonymous_19)
FNDA:0,(anonymous_20)
FNDA:1,(anonymous_21)
FNDA:1,(anonymous_22)
FNDA:1,(anonymous_23)
FNDA:1,(anonymous_24)
FNDA:0,(anonymous_26)
FNDA:1,(anonymous_27)
FNDA:0,(anonymous_28)
FNDA:0,(anonymous_29)
FNDA:0,(anonymous_30)
FNDA:0,(anonymous_31)
FNDA:0,(anonymous_32)
FNDA:0,(anonymous_33)
FNDA:0,(anonymous_35)
FNDA:0,(anonymous_36)
FNDA:1,(anonymous_37)
FNDA:0,(anonymous_38)
FNDA:1,(anonymous_39)
FNDA:1,(anonymous_40)
FNDA:1,(anonymous_41)
FNDA:1,(anonymous_42)
FNDA:0,(anonymous_44)
FNDA:1,(anonymous_45)
FNDA:0,(anonymous_46)
FNDA:0,(anonymous_47)
FNDA:0,(anonymous_48)
FNDA:0,(anonymous_49)
FNDA:0,(anonymous_50)
FNDA:0,(anonymous_51)
FNDA:0,(anonymous_53)
FNDA:0,(anonymous_54)
FNDA:1,(anonymous_55)
FNDA:0,(anonymous_56)
FNDA:1,(anonymous_57)
FNDA:1,(anonymous_58)
FNDA:1,(anonymous_59)
FNDA:1,(anonymous_60)
FNDA:0,(anonymous_62)
FNDA:1,(anonymous_63)
DA:2,3
DA:19,3
DA:22,3
DA:26,3
DA:31,3
DA:37,3
DA:38,1
DA:39,2
DA:41,0
DA:44,1
DA:49,3
DA:53,3
DA:58,3
DA:64,3
DA:65,3
DA:66,0
DA:67,0
DA:68,0
DA:70,0
DA:73,0
DA:78,3
DA:82,3
DA:87,3
DA:93,3
DA:94,1
DA:95,2
DA:97,0
DA:100,1
DA:105,3
DA:109,3
DA:114,3
DA:120,3
DA:121,3
DA:122,0
DA:123,0
DA:124,0
DA:126,0
DA:129,0
DA:134,3
DA:138,3
DA:143,3
DA:149,3
DA:150,3
DA:151,1
DA:152,1
DA:153,2
DA:155,0
DA:158,1
LF:48
LH:35
BRF:0
BRH:0
end_of_record
TN:
SF:src/components/Footer/index.tsx
FN:8,(anonymous_3)
FNF:1
FNH:1
FNDA:1,(anonymous_3)
DA:1,1
DA:2,1
DA:3,1
DA:4,1
DA:5,1
DA:6,1
DA:8,1
DA:9,1
DA:69,1
LF:9
LH:9
BRF:0
BRH:0
end_of_record
TN:
SF:src/components/Header/index.tsx
FN:13,(anonymous_3)
FN:32,(anonymous_4)
FNF:2
FNH:2
FNDA:2,(anonymous_3)
FNDA:4,(anonymous_4)
DA:1,1
DA:2,1
DA:3,1
DA:4,1
DA:5,1
DA:6,1
DA:7,1
DA:8,1
DA:10,1
DA:13,1
DA:14,2
DA:16,1
DA:32,4
DA:74,1
LF:14
LH:14
BRF:0
BRH:0
end_of_record
TN:
SF:src/containers/Cart/index.tsx
FN:42,(anonymous_3)
FN:45,(anonymous_4)
FN:82,(anonymous_5)
FNF:3
FNH:3
FNDA:2,(anonymous_3)
FNDA:1,(anonymous_4)
FNDA:3,(anonymous_5)
DA:1,2
DA:13,2
DA:14,2
DA:15,2
DA:16,2
DA:17,2
DA:18,2
DA:19,2
DA:21,2
DA:42,2
DA:43,2
DA:45,1
DA:46,1
DA:47,1
DA:48,0
DA:51,1
DA:82,3
DA:167,2
LF:18
LH:17
BRDA:47,0,0,1
BRF:1
BRH:1
end_of_record
TN:
SF:src/containers/Home/Hero.tsx
FN:6,(anonymous_3)
FNF:1
FNH:1
FNDA:2,(anonymous_3)
DA:1,2
DA:2,2
DA:3,2
DA:4,2
DA:6,2
DA:7,2
DA:42,2
LF:7
LH:7
BRF:0
BRH:0
end_of_record
TN:
SF:src/containers/Home/HomeProducts.tsx
FN:3,(anonymous_3)
FNF:1
FNH:1
FNDA:2,(anonymous_3)
DA:1,2
DA:3,2
DA:4,2
DA:16,2
LF:4
LH:4
BRF:0
BRH:0
end_of_record
TN:
SF:src/containers/Home/Product.tsx
FN:4,(anonymous_3)
FNF:1
FNH:1
FNDA:12,(anonymous_3)
DA:1,2
DA:2,2
DA:4,2
DA:5,12
DA:19,2
LF:5
LH:5
BRF:0
BRH:0
end_of_record
TN:
SF:src/containers/Home/Slider.tsx
FN:37,(anonymous_3)
FN:41,(anonymous_4)
FNF:2
FNH:2
FNDA:2,(anonymous_3)
FNDA:14,(anonymous_4)
DA:2,2
DA:3,2
DA:4,2
DA:5,2
DA:7,2
DA:37,2
DA:38,2
DA:42,14
DA:70,2
LF:9
LH:9
BRF:0
BRH:0
end_of_record
TN:
SF:src/containers/Home/index.tsx
FN:6,(anonymous_3)
FNF:1
FNH:1
FNDA:2,(anonymous_3)
DA:1,2
DA:2,2
DA:3,2
DA:4,2
DA:6,2
DA:7,2
DA:15,2
LF:7
LH:7
BRF:0
BRH:0
end_of_record
TN:
SF:src/containers/ProductDetail/index.tsx
FN:26,(anonymous_3)
FN:29,(anonymous_4)
FN:35,(anonymous_5)
FN:39,(anonymous_6)
FN:113,(anonymous_7)
FN:117,(anonymous_8)
FN:128,(anonymous_9)
FN:148,(anonymous_10)
FNF:8
FNH:0
FNDA:0,(anonymous_3)
FNDA:0,(anonymous_4)
FNDA:0,(anonymous_5)
FNDA:0,(anonymous_6)
FNDA:0,(anonymous_7)
FNDA:0,(anonymous_8)
FNDA:0,(anonymous_9)
FNDA:0,(anonymous_10)
DA:1,1
DA:2,1
DA:3,1
DA:14,1
DA:15,1
DA:16,1
DA:17,1
DA:18,1
DA:19,1
DA:20,1
DA:21,1
DA:24,1
DA:26,1
DA:27,0
DA:29,0
DA:31,0
DA:32,0
DA:33,0
DA:35,0
DA:36,0
DA:39,0
DA:40,0
DA:45,0
DA:46,0
DA:47,0
DA:49,0
DA:53,0
DA:114,0
DA:117,0
DA:129,0
DA:130,0
DA:149,0
DA:227,1
LF:33
LH:14
BRDA:46,0,0,0
BRDA:46,0,1,0
BRDA:129,1,0,0
BRF:3
BRH:0
end_of_record
TN:
SF:src/containers/Products/index.tsx
FN:24,(anonymous_3)
FN:40,(anonymous_4)
FN:47,(anonymous_5)
FN:53,(anonymous_6)
FN:59,(anonymous_7)
FN:60,(anonymous_8)
FN:62,(anonymous_9)
FN:67,(anonymous_10)
FN:74,(anonymous_11)
FN:78,(anonymous_12)
FN:82,(anonymous_13)
FN:83,(anonymous_14)
FN:87,(anonymous_15)
FN:91,(anonymous_16)
FN:93,(anonymous_17)
FN:105,(anonymous_18)
FN:125,(anonymous_19)
FN:179,(anonymous_20)
FN:183,(anonymous_21)
FN:252,(anonymous_22)
FNF:20
FNH:10
FNDA:1,(anonymous_3)
FNDA:2,(anonymous_4)
FNDA:0,(anonymous_5)
FNDA:0,(anonymous_6)
FNDA:2,(anonymous_7)
FNDA:2,(anonymous_8)
FNDA:1,(anonymous_9)
FNDA:1,(anonymous_10)
FNDA:1,(anonymous_11)
FNDA:1,(anonymous_12)
FNDA:1,(anonymous_13)
FNDA:1,(anonymous_14)
FNDA:0,(anonymous_15)
FNDA:0,(anonymous_16)
FNDA:0,(anonymous_17)
FNDA:0,(anonymous_18)
FNDA:0,(anonymous_19)
FNDA:0,(anonymous_20)
FNDA:0,(anonymous_21)
FNDA:0,(anonymous_22)
DA:1,2
DA:2,2
DA:3,2
DA:4,2
DA:5,2
DA:6,2
DA:7,2
DA:8,2
DA:9,2
DA:10,2
DA:11,2
DA:12,2
DA:13,2
DA:14,2
DA:15,2
DA:16,2
DA:17,2
DA:18,2
DA:19,2
DA:20,2
DA:22,2
DA:24,2
DA:40,2
DA:41,2
DA:42,2
DA:43,2
DA:44,2
DA:45,2
DA:47,2
DA:48,0
DA:49,0
DA:50,0
DA:53,2
DA:54,0
DA:57,2
DA:59,2
DA:60,2
DA:62,2
DA:63,1
DA:64,1
DA:67,2
DA:68,1
DA:69,1
DA:70,1
DA:74,2
DA:75,1
DA:78,2
DA:79,1
DA:82,2
DA:83,1
DA:84,1
DA:87,2
DA:88,0
DA:91,2
DA:92,0
DA:93,0
DA:94,0
DA:97,0
DA:99,2
DA:100,2
DA:102,2
DA:103,2
DA:105,2
DA:106,0
DA:107,0
DA:110,2
DA:125,0
DA:179,0
DA:183,0
DA:252,0
DA:293,2
LF:71
LH:56
BRDA:68,0,0,1
BRDA:68,1,0,1
BRDA:68,1,1,0
BRDA:72,2,0,2
BRDA:72,2,1,0
BRDA:178,3,0,2
BRDA:178,3,1,0
BRDA:179,4,0,0
BRDA:179,4,1,0
BRDA:179,5,0,0
BRDA:179,5,1,0
BRF:11
BRH:4
end_of_record
TN:
SF:src/reducers/cartReducer.tsx
FN:8,(anonymous_3)
FNF:1
FNH:0
FNDA:0,(anonymous_3)
DA:1,0
DA:6,0
DA:8,0
DA:9,0
DA:11,0
DA:17,0
DA:23,0
DA:30,0
DA:34,0
LF:9
LH:0
BRDA:8,0,0,0
BRDA:9,1,0,0
BRDA:9,1,1,0
BRDA:9,1,2,0
BRDA:9,1,3,0
BRF:5
BRH:0
end_of_record
TN:
SF:src/reducers/productReducer.tsx
FN:20,(anonymous_3)
FNF:1
FNH:0
FNDA:0,(anonymous_3)
DA:1,0
DA:18,0
DA:20,0
DA:21,0
DA:24,0
DA:26,0
DA:32,0
DA:38,0
DA:45,0
DA:51,0
DA:57,0
DA:64,0
DA:70,0
DA:76,0
DA:83,0
DA:89,0
DA:95,0
DA:102,0
DA:108,0
DA:114,0
DA:121,0
DA:125,0
LF:22
LH:0
BRDA:21,0,0,0
BRDA:24,1,0,0
BRDA:24,1,1,0
BRDA:24,1,2,0
BRDA:24,1,3,0
BRDA:24,1,4,0
BRDA:24,1,5,0
BRDA:24,1,6,0
BRDA:24,1,7,0
BRDA:24,1,8,0
BRDA:24,1,9,0
BRDA:24,1,10,0
BRDA:24,1,11,0
BRDA:24,1,12,0
BRDA:24,1,13,0
BRDA:24,1,14,0
BRDA:24,1,15,0
BRF:17
BRH:0
end_of_record
TN:
SF:src/redux/reduxHooks.tsx
FN:3,(anonymous_0)
FNF:1
FNH:0
FNDA:0,(anonymous_0)
DA:1,0
DA:3,0
LF:2
LH:0
BRF:0
BRH:0
end_of_record
TN:
SF:src/routes/index.tsx
FN:10,ShoppingRoutes
FNF:1
FNH:1
FNDA:1,ShoppingRoutes
DA:1,1
DA:2,1
DA:3,1
DA:11,1
DA:23,1
LF:5
LH:5
BRF:0
BRH:0
end_of_record
TN:
SF:src/services/api/api.tsx
FN:3,(anonymous_13)
FN:10,(anonymous_14)
FN:14,(anonymous_17)
FN:14,(anonymous_18)
FN:18,(anonymous_20)
FN:22,(anonymous_23)
FN:22,(anonymous_24)
FN:26,(anonymous_26)
FN:26,(anonymous_27)
FN:30,(anonymous_29)
FN:30,(anonymous_30)
FN:36,(anonymous_32)
FN:36,(anonymous_33)
FN:42,(anonymous_35)
FN:42,(anonymous_36)
FNF:15
FNH:5
FNDA:2,(anonymous_13)
FNDA:2,(anonymous_14)
FNDA:0,(anonymous_17)
FNDA:0,(anonymous_18)
FNDA:2,(anonymous_20)
FNDA:0,(anonymous_23)
FNDA:0,(anonymous_24)
FNDA:0,(anonymous_26)
FNDA:0,(anonymous_27)
FNDA:0,(anonymous_29)
FNDA:0,(anonymous_30)
FNDA:0,(anonymous_32)
FNDA:0,(anonymous_33)
FNDA:1,(anonymous_35)
FNDA:1,(anonymous_36)
DA:1,2
DA:3,2
DA:5,2
DA:8,2
DA:10,3
DA:11,1
DA:14,2
DA:15,0
DA:18,3
DA:19,1
DA:22,2
DA:23,0
DA:26,2
DA:27,0
DA:30,2
DA:31,0
DA:36,2
DA:37,0
DA:42,2
DA:43,1
LF:20
LH:15
BRF:0
BRH:0
end_of_record
